[2025-07-20 21:27:18] === Starting LOCAL build at 2025-07-20 21:27:18 ===
[2025-07-20 21:27:18] Checking project directory...
[2025-07-20 21:27:18] SUCCESS: Project directory confirmed
[2025-07-20 21:27:18] Checking for uncommitted changes...
[2025-07-20 21:27:18] Found uncommitted changes:
[2025-07-20 21:27:18] Starting local build process...
[2025-07-20 21:28:06] === Starting LOCAL build at 2025-07-20 21:28:06 ===
[2025-07-20 21:28:06] Checking project directory...
[2025-07-20 21:28:06] SUCCESS: Project directory confirmed
[2025-07-20 21:28:06] Checking for uncommitted changes...
[2025-07-20 21:28:06] Found uncommitted changes:
[2025-07-20 21:28:06] Starting local build process...
[2025-07-20 21:28:40] === Starting LOCAL build at 2025-07-20 21:28:40 ===
[2025-07-20 21:28:40] Checking project directory...
[2025-07-20 21:28:40] SUCCESS: Project directory confirmed
[2025-07-20 21:28:40] Checking for uncommitted changes...
[2025-07-20 21:28:40] Found uncommitted changes:
[2025-07-20 21:28:40] Starting local build process...
[2025-07-20 21:29:13] === Starting LOCAL build at 2025-07-20 21:29:13 ===
[2025-07-20 21:29:13] Checking project directory...
[2025-07-20 21:29:13] SUCCESS: Project directory confirmed
[2025-07-20 21:29:13] Checking for uncommitted changes...
[2025-07-20 21:29:13] Found uncommitted changes:
[2025-07-20 21:29:13] Starting local build process...
[2025-07-20 21:30:59] === Starting LOCAL build at 2025-07-20 21:30:59 ===
[2025-07-20 21:30:59] Checking project directory...
[2025-07-20 21:30:59] SUCCESS: Project directory confirmed
[2025-07-20 21:30:59] Checking for uncommitted changes...
[2025-07-20 21:30:59] Found uncommitted changes:
[2025-07-20 21:30:59] Starting local build process...
[2025-07-20 21:31:43] === Starting LOCAL build at 2025-07-20 21:31:43 ===
[2025-07-20 21:31:43] Checking project directory...
[2025-07-20 21:31:43] SUCCESS: Project directory confirmed
[2025-07-20 21:31:43] Checking for uncommitted changes...
[2025-07-20 21:31:43] Found uncommitted changes:
[2025-07-20 21:31:43] Starting local build process...
[2025-07-20 21:33:35] === Starting LOCAL build at 2025-07-20 21:33:35 ===
[2025-07-20 21:33:35] Checking project directory...
[2025-07-20 21:33:35] SUCCESS: Project directory confirmed
[2025-07-20 21:33:35] Checking for uncommitted changes...
[2025-07-20 21:33:35] Found uncommitted changes:
[2025-07-20 21:33:35] Starting local build process...
[2025-07-20 21:34:16] === Starting LOCAL build at 2025-07-20 21:34:16 ===
[2025-07-20 21:34:16] Checking project directory...
[2025-07-20 21:34:16] SUCCESS: Project directory confirmed
[2025-07-20 21:34:16] Checking for uncommitted changes...
[2025-07-20 21:34:16] Found uncommitted changes:
[2025-07-20 21:34:16] Starting local build process...
[2025-07-20 21:34:52] SUCCESS: LOCAL build completed successfully in 36.7 seconds
[2025-07-20 21:34:52] Closing PowerShell...
[2025-07-20 21:44:08] === Starting LOCAL build at 2025-07-20 21:44:08 ===
[2025-07-20 21:44:08] Checking project directory...
[2025-07-20 21:44:08] SUCCESS: Project directory confirmed
[2025-07-20 21:44:08] Checking for uncommitted changes...
[2025-07-20 21:44:08] Found uncommitted changes:
[2025-07-20 21:44:08] Starting local build process...
[2025-07-20 21:44:08] === Server Cleanup (before build) ===
[2025-07-20 21:44:08] Checking port 3000...
[2025-07-20 21:44:15] Port 3000 is free
[2025-07-20 21:44:15] Checking port 3001...
[2025-07-20 21:44:20] Port 3001 is free
[2025-07-20 21:44:20] Checking port 5173...
[2025-07-20 21:44:26] Port 5173 is free
[2025-07-20 21:44:26] Checking port 8080...
[2025-07-20 21:44:31] Port 8080 is free
[2025-07-20 21:44:31] Checking port 8000...
[2025-07-20 21:44:37] Port 8000 is free
[2025-07-20 21:44:37] Checking port 4000...
[2025-07-20 21:44:42] Port 4000 is free
[2025-07-20 21:44:42] Checking port 5000...
[2025-07-20 21:44:48] Port 5000 is free
[2025-07-20 21:44:48] Checking port 6000...
[2025-07-20 21:44:53] Port 6000 is free
[2025-07-20 21:44:53] Checking port 7000...
[2025-07-20 21:44:58] Port 7000 is free
[2025-07-20 21:44:58] Checking port 9000...
[2025-07-20 21:45:04] Port 9000 is free
[2025-07-20 21:45:04] Server cleanup (before) completed
[2025-07-20 21:45:34] === Server Cleanup (after build) ===
[2025-07-20 21:45:34] Checking port 3000...
[2025-07-20 21:45:39] Port 3000 is free
[2025-07-20 21:45:39] Checking port 3001...
[2025-07-20 21:45:45] Port 3001 is free
[2025-07-20 21:45:45] Checking port 5173...
[2025-07-20 21:45:50] Port 5173 is free
[2025-07-20 21:45:50] Checking port 8080...
[2025-07-20 21:45:55] Port 8080 is free
[2025-07-20 21:45:55] Checking port 8000...
[2025-07-20 21:46:01] Port 8000 is free
[2025-07-20 21:46:01] Checking port 4000...
[2025-07-20 21:46:06] Port 4000 is free
[2025-07-20 21:46:06] Checking port 5000...
[2025-07-20 21:46:12] Port 5000 is free
[2025-07-20 21:46:12] Checking port 6000...
[2025-07-20 21:46:17] Port 6000 is free
[2025-07-20 21:46:17] Checking port 7000...
[2025-07-20 21:46:23] Port 7000 is free
[2025-07-20 21:46:23] Checking port 9000...
[2025-07-20 21:46:28] Port 9000 is free
[2025-07-20 21:46:28] Server cleanup (after) completed
[2025-07-20 21:46:28] SUCCESS: LOCAL build completed successfully in 140.2 seconds
[2025-07-20 21:46:28] Closing PowerShell...
[2025-07-20 21:49:41] === Starting LOCAL build at 2025-07-20 21:49:41 ===
[2025-07-20 21:49:41] Checking project directory...
[2025-07-20 21:49:41] SUCCESS: Project directory confirmed
[2025-07-20 21:49:41] Checking for uncommitted changes...
[2025-07-20 21:49:41] Found uncommitted changes:
[2025-07-20 21:49:41] Starting local build process...
[2025-07-20 21:49:41] === Server Cleanup (before build) ===
[2025-07-20 21:49:41] Checking port 3000...
[2025-07-20 21:49:43] Port 3000 check timed out - skipping
[2025-07-20 21:49:43] Checking port 3001...
[2025-07-20 21:49:45] Port 3001 check timed out - skipping
[2025-07-20 21:49:45] Checking port 5173...
[2025-07-20 21:49:47] Port 5173 check timed out - skipping
[2025-07-20 21:49:47] Checking port 8080...
[2025-07-20 21:49:49] Port 8080 check timed out - skipping
[2025-07-20 21:49:49] Checking port 8000...
[2025-07-20 21:49:52] Port 8000 check timed out - skipping
[2025-07-20 21:49:52] Checking port 4000...
[2025-07-20 21:49:54] Port 4000 check timed out - skipping
[2025-07-20 21:49:54] Checking port 5000...
[2025-07-20 21:49:56] Port 5000 check timed out - skipping
[2025-07-20 21:49:56] Checking port 6000...
[2025-07-20 21:49:58] Port 6000 check timed out - skipping
[2025-07-20 21:49:58] Checking port 7000...
[2025-07-20 21:50:00] Port 7000 check timed out - skipping
[2025-07-20 21:50:00] Checking port 9000...
[2025-07-20 21:50:02] Port 9000 check timed out - skipping
[2025-07-20 21:50:02] Server cleanup (before) completed
[2025-07-20 21:50:02] Server cleanup completed in 21.1 seconds
[2025-07-20 21:50:32] === Server Cleanup (after build) ===
[2025-07-20 21:50:32] Checking port 3000...
[2025-07-20 21:50:34] Port 3000 check timed out - skipping
[2025-07-20 21:50:34] Checking port 3001...
[2025-07-20 21:50:37] Port 3001 check timed out - skipping
[2025-07-20 21:50:37] Checking port 5173...
[2025-07-20 21:50:39] Port 5173 check timed out - skipping
[2025-07-20 21:50:39] Checking port 8080...
[2025-07-20 21:50:41] Port 8080 check timed out - skipping
[2025-07-20 21:50:41] Checking port 8000...
[2025-07-20 21:50:43] Port 8000 check timed out - skipping
[2025-07-20 21:50:43] Checking port 4000...
[2025-07-20 21:50:45] Port 4000 check timed out - skipping
[2025-07-20 21:50:45] Checking port 5000...
[2025-07-20 21:50:47] Port 5000 check timed out - skipping
[2025-07-20 21:50:47] Checking port 6000...
[2025-07-20 21:50:49] Port 6000 check timed out - skipping
[2025-07-20 21:50:49] Checking port 7000...
[2025-07-20 21:50:51] Port 7000 check timed out - skipping
[2025-07-20 21:50:51] Checking port 9000...
[2025-07-20 21:50:53] Port 9000 check timed out - skipping
[2025-07-20 21:50:53] Server cleanup (after) completed
[2025-07-20 21:50:53] After-build cleanup completed in 21.0 seconds
[2025-07-20 21:50:53] SUCCESS: LOCAL build completed successfully in 51.3 seconds (total: 72.5 seconds)
[2025-07-20 21:50:53] Closing PowerShell...
[2025-07-20 21:52:46] === Starting LOCAL build at 2025-07-20 21:52:46 ===
[2025-07-20 21:52:46] Checking project directory...
[2025-07-20 21:52:46] SUCCESS: Project directory confirmed
[2025-07-20 21:52:46] Checking for uncommitted changes...
[2025-07-20 21:52:46] Found uncommitted changes:
[2025-07-20 21:52:46] Starting local build process...
[2025-07-20 21:52:46] === Server Cleanup (before build) ===
[2025-07-20 21:52:46] Running comprehensive server cleanup...
[2025-07-20 21:52:46] Error running comprehensive cleanup: A positional parameter cannot be found that accepts argument 'PowerShell'.
[2025-07-20 21:52:46] Falling back to basic cleanup...
[2025-07-20 21:52:46] Running basic server cleanup...
[2025-07-20 21:52:46] Checking port 3000...
[2025-07-20 21:52:48] Port 3000 check timed out - skipping
[2025-07-20 21:52:48] Checking port 3001...
[2025-07-20 21:52:51] Port 3001 check timed out - skipping
[2025-07-20 21:52:51] Checking port 5173...
[2025-07-20 21:52:54] Port 5173 check timed out - skipping
[2025-07-20 21:52:54] Checking port 8080...
[2025-07-20 21:52:56] Port 8080 check timed out - skipping
[2025-07-20 21:52:56] Checking port 8000...
[2025-07-20 21:52:59] Port 8000 check timed out - skipping
[2025-07-20 21:52:59] Checking port 4000...
[2025-07-20 21:53:02] Port 4000 check timed out - skipping
[2025-07-20 21:53:02] Checking port 5000...
[2025-07-20 21:53:04] Port 5000 check timed out - skipping
[2025-07-20 21:53:04] Checking port 6000...
[2025-07-20 21:53:07] Port 6000 check timed out - skipping
[2025-07-20 21:53:07] Checking port 7000...
[2025-07-20 21:53:09] Port 7000 check timed out - skipping
[2025-07-20 21:53:09] Checking port 9000...
[2025-07-20 21:53:12] Port 9000 check timed out - skipping
[2025-07-20 21:53:12] Basic server cleanup completed
[2025-07-20 21:53:12] Server cleanup completed in 26.2 seconds
[2025-07-20 21:53:42] === Server Cleanup (after build) ===
[2025-07-20 21:53:42] Running comprehensive server cleanup...
[2025-07-20 21:53:42] Error running comprehensive cleanup: A positional parameter cannot be found that accepts argument 'PowerShell'.
[2025-07-20 21:53:42] Falling back to basic cleanup...
[2025-07-20 21:53:42] Running basic server cleanup...
[2025-07-20 21:53:42] Checking port 3000...
[2025-07-20 21:53:45] Port 3000 check timed out - skipping
[2025-07-20 21:53:45] Checking port 3001...
[2025-07-20 21:53:47] Port 3001 check timed out - skipping
[2025-07-20 21:53:47] Checking port 5173...
[2025-07-20 21:53:50] Port 5173 check timed out - skipping
[2025-07-20 21:53:50] Checking port 8080...
[2025-07-20 21:53:52] Port 8080 check timed out - skipping
[2025-07-20 21:53:52] Checking port 8000...
[2025-07-20 21:53:55] Port 8000 check timed out - skipping
[2025-07-20 21:53:55] Checking port 4000...
[2025-07-20 21:53:58] Port 4000 check timed out - skipping
[2025-07-20 21:53:58] Checking port 5000...
[2025-07-20 21:54:00] Port 5000 check timed out - skipping
[2025-07-20 21:54:00] Checking port 6000...
[2025-07-20 21:54:03] Port 6000 check timed out - skipping
[2025-07-20 21:54:03] Checking port 7000...
[2025-07-20 21:54:06] Port 7000 check timed out - skipping
[2025-07-20 21:54:06] Checking port 9000...
[2025-07-20 21:54:08] Port 9000 check timed out - skipping
[2025-07-20 21:54:08] Basic server cleanup completed
[2025-07-20 21:54:08] After-build cleanup completed in 26.3 seconds
[2025-07-20 21:54:08] SUCCESS: LOCAL build completed successfully in 56.2 seconds (total: 82.5 seconds)
[2025-07-20 21:54:08] Closing PowerShell...
[2025-07-20 22:04:15] === Starting LOCAL build at 2025-07-20 22:04:15 ===
[2025-07-20 22:04:15] Checking project directory...
[2025-07-20 22:04:15] SUCCESS: Project directory confirmed
[2025-07-20 22:04:15] Checking for uncommitted changes...
[2025-07-20 22:04:15] Found uncommitted changes:
[2025-07-20 22:04:15] Cleaning up existing processes...
