[2025-07-19 17:33:03] Starting deployment...
[2025-07-19 17:33:03] Found changes to commit
[2025-07-19 17:33:03] Adding files to Git
[2025-07-19 17:33:03] Committing with message: Update website content (2025-07-19 17:33)
[2025-07-19 17:33:03] Pushing to GitHub
[2025-07-19 17:33:03] Deployment completed successfully!
[2025-07-19 17:36:36] Starting deployment...
[2025-07-19 17:36:36] Found changes to commit
[2025-07-19 17:36:36] Adding files to Git
[2025-07-19 17:36:36] Committing with message: Update website content (2025-07-19 17:36)
[2025-07-19 17:36:36] Pushing to GitHub
[2025-07-19 17:36:36] Deployment completed successfully!
[2025-07-19 17:42:32] Starting deployment...
[2025-07-19 17:42:32] Found changes to commit
[2025-07-19 17:42:32] Adding files to Git
[2025-07-19 17:42:32] Committing with message: Update website content (2025-07-19 17:42)
[2025-07-19 17:42:32] Pushing to GitHub
[2025-07-19 17:42:32] Deployment completed successfully!
[2025-07-19 17:47:10] Starting deployment...
[2025-07-19 17:47:10] Found changes to commit
[2025-07-19 17:47:10] Adding files to Git
[2025-07-19 17:47:10] Committing with message: Update website content (2025-07-19 17:47)
[2025-07-19 17:47:10] Pushing to GitHub
[2025-07-19 17:47:10] Deployment completed successfully!
[2025-07-19 19:23:58] Starting deployment...
[2025-07-19 19:23:58] Found changes to commit
[2025-07-19 19:23:58] Adding files to Git
[2025-07-19 19:23:58] Committing with message: Update website content (2025-07-19 19:23)
[2025-07-19 19:23:58] Pushing to GitHub
[2025-07-19 19:23:58] Deployment completed successfully!
[2025-07-19 20:45:47] Starting deployment...
[2025-07-19 20:45:47] Found changes to commit
[2025-07-19 20:45:47] Adding files to Git
[2025-07-19 20:45:47] Committing with message: Update website content (2025-07-19 20:45)
[2025-07-19 20:45:47] Pushing to GitHub
[2025-07-19 20:45:47] Deployment completed successfully!
[2025-07-19 20:58:16] Starting deployment...
[2025-07-19 20:58:16] Found changes to commit
[2025-07-19 20:58:16] Adding files to Git
[2025-07-19 20:58:16] Committing with message: Update website content (2025-07-19 20:58)
[2025-07-19 20:58:16] Pushing to GitHub
[2025-07-19 20:58:16] Deployment completed successfully!
[2025-07-19 21:10:21] Starting deployment...
[2025-07-19 21:10:21] Found changes to commit
[2025-07-19 21:10:21] Adding files to Git
[2025-07-19 21:10:21] Committing with message: Update website content (2025-07-19 21:10)
[2025-07-19 21:10:21] Pushing to GitHub
[2025-07-19 21:10:21] Deployment completed successfully!
[2025-07-19 22:38:39] Starting deployment...
[2025-07-19 22:38:39] Found changes to commit
[2025-07-19 22:38:39] Adding files to Git
[2025-07-19 22:38:39] Committing with message: Update website content (2025-07-19 22:38)
[2025-07-19 22:38:39] Pushing to GitHub
[2025-07-19 22:38:39] Deployment completed successfully!
[2025-07-20 01:08:58] Starting deployment...
[2025-07-20 01:08:58] Found changes to commit
[2025-07-20 01:08:58] Adding files to Git
[2025-07-20 01:08:58] Committing with message: Update website content (2025-07-20 01:09)
[2025-07-20 01:08:58] Pushing to GitHub
[2025-07-20 01:08:58] Deployment completed successfully!
[2025-07-20 17:35:01] Starting deployment...
[2025-07-20 17:35:01] Found changes to commit
[2025-07-20 17:35:01] Adding files to Git
[2025-07-20 17:35:01] Committing with message: Update website content (2025-07-20 17:35)
[2025-07-20 17:35:01] Pushing to GitHub
[2025-07-20 17:35:01] Deployment completed successfully!
[2025-07-21 20:41:56] === Starting DEV deployment at 2025-07-21 20:41:56 ===
[2025-07-21 20:41:56] Checking project directory...
[2025-07-21 20:41:56] SUCCESS: Project directory confirmed
[2025-07-21 20:41:56] Checking current Git branch...
[2025-07-21 20:41:56] SUCCESS: Confirmed: On dev branch
[2025-07-21 20:41:56] Checking for uncommitted changes...
[2025-07-21 20:41:56] Found changes to commit:
[2025-07-21 20:41:56] Cleaning up existing processes...
[2025-07-22 14:28:17] === Starting DEV deployment at 2025-07-22 14:28:17 ===
[2025-07-22 14:28:17] Checking project directory...
[2025-07-22 14:28:17] SUCCESS: Project directory confirmed
[2025-07-22 14:28:17] Checking current Git branch...
[2025-07-22 14:28:17] SUCCESS: Confirmed: On dev branch
[2025-07-22 14:28:17] Checking for uncommitted changes...
[2025-07-22 14:28:17] Found changes to commit:
[2025-07-22 14:28:17] Cleaning up existing processes...
[2025-07-22 14:28:17] Cleanup step skipped, continuing deployment...
[2025-07-22 14:28:17] Starting build process...
[2025-07-22 14:28:54] Adding files to Git...
[2025-07-22 14:28:54] SUCCESS: Files added to Git in 0.1 seconds
[2025-07-22 14:28:54] Committing with message: Update website content (2025-07-22 14:28)
[2025-07-22 14:28:54] SUCCESS: Commit completed in 0.1 seconds
[2025-07-22 14:28:54] Pushing to GitHub dev branch...
[2025-07-22 14:28:54] Push attempt 1 of 3
[2025-07-22 14:28:56] SUCCESS: Push completed successfully in 1.6 seconds
[2025-07-22 14:28:56] SUCCESS: DEV deployment completed successfully in 38.6 seconds
[2025-07-22 14:28:56] Closing PowerShell...
[2025-07-23 15:31:15] === Starting DEV deployment at 2025-07-23 15:31:15 ===
[2025-07-23 15:31:15] Checking project directory...
[2025-07-23 15:31:15] SUCCESS: Project directory confirmed
[2025-07-23 15:31:15] Checking current Git branch...
[2025-07-23 15:31:15] SUCCESS: Confirmed: On dev branch
[2025-07-23 15:31:15] Checking for uncommitted changes...
[2025-07-23 15:31:15] Found changes to commit:
[2025-07-23 15:31:15] Cleaning up existing processes...
[2025-07-23 15:31:15] Cleanup step skipped, continuing deployment...
[2025-07-23 15:31:15] Starting build process...
[2025-07-23 15:34:04] === Starting DEV deployment at 2025-07-23 15:34:04 ===
[2025-07-23 15:34:04] Checking project directory...
[2025-07-23 15:34:04] SUCCESS: Project directory confirmed
[2025-07-23 15:34:04] Checking current Git branch...
[2025-07-23 15:34:04] SUCCESS: Confirmed: On dev branch
[2025-07-23 15:34:04] Checking for uncommitted changes...
[2025-07-23 15:34:04] Found changes to commit:
[2025-07-23 15:34:04] Cleaning up existing processes...
[2025-07-23 15:34:04] Cleanup step skipped, continuing deployment...
[2025-07-23 15:34:04] Starting build process...
[2025-07-24 11:54:46] === Starting DEV deployment at 2025-07-24 11:54:46 ===
[2025-07-24 11:54:46] Checking project directory...
[2025-07-24 11:54:46] SUCCESS: Project directory confirmed
[2025-07-24 11:54:46] Checking current Git branch...
[2025-07-24 11:54:46] SUCCESS: Confirmed: On dev branch
[2025-07-24 11:54:46] Checking for uncommitted changes...
[2025-07-24 11:54:46] Found changes to commit:
[2025-07-24 11:54:46] Cleaning up existing processes...
[2025-07-24 11:54:46] Cleanup step skipped, continuing deployment...
[2025-07-24 11:54:46] Starting build process...
[2025-07-25 13:31:34] === Starting DEV deployment at 2025-07-25 13:31:34 ===
[2025-07-25 13:31:34] Checking project directory...
[2025-07-25 13:31:34] SUCCESS: Project directory confirmed
[2025-07-25 13:31:34] Checking current Git branch...
[2025-07-25 13:31:34] SUCCESS: Confirmed: On dev branch
[2025-07-25 13:31:34] Checking for uncommitted changes...
[2025-07-25 13:31:34] Found changes to commit:
[2025-07-25 13:31:34] Cleaning up existing processes...
[2025-07-25 13:31:34] Cleanup step skipped, continuing deployment...
[2025-07-25 13:31:34] Starting build process...
[2025-07-25 13:31:59] Adding files to Git...
[2025-07-25 13:31:59] SUCCESS: Files added to Git in 0.1 seconds
[2025-07-25 13:31:59] Committing with message: Update website content (2025-07-25 13:31)
[2025-07-25 13:31:59] SUCCESS: Commit completed in 0.1 seconds
[2025-07-25 13:31:59] Pushing to GitHub dev branch...
[2025-07-25 13:31:59] Push attempt 1 of 3
[2025-07-25 13:32:01] SUCCESS: Push completed successfully in 1.2 seconds
[2025-07-25 13:32:01] SUCCESS: DEV deployment completed successfully in 26.5 seconds
[2025-07-25 13:32:01] Closing PowerShell...
[2025-07-26 08:21:26] === Starting DEV deployment at 2025-07-26 08:21:26 ===
[2025-07-26 08:21:26] Checking project directory...
[2025-07-26 08:21:26] SUCCESS: Project directory confirmed
[2025-07-26 08:21:26] Checking current Git branch...
[2025-07-26 08:21:26] SUCCESS: Confirmed: On dev branch
[2025-07-26 08:21:26] Checking for uncommitted changes...
[2025-07-26 08:21:26] Found changes to commit:
[2025-07-26 08:21:26] Cleaning up existing processes...
[2025-07-26 08:21:26] Cleanup step skipped, continuing deployment...
[2025-07-26 08:21:26] Starting build process...
[2025-07-26 08:21:43] === Starting DEV deployment at 2025-07-26 08:21:43 ===
[2025-07-26 08:21:43] Checking project directory...
[2025-07-26 08:21:43] SUCCESS: Project directory confirmed
[2025-07-26 08:21:43] Checking current Git branch...
[2025-07-26 08:21:43] SUCCESS: Confirmed: On dev branch
[2025-07-26 08:21:43] Checking for uncommitted changes...
[2025-07-26 08:21:43] Found changes to commit:
[2025-07-26 08:21:43] Cleaning up existing processes...
[2025-07-26 08:21:43] Cleanup step skipped, continuing deployment...
[2025-07-26 08:21:43] Starting build process...
[2025-07-26 08:22:13] Adding files to Git...
[2025-07-26 08:22:13] SUCCESS: Files added to Git in 0.1 seconds
[2025-07-26 08:22:13] Committing with message: Update website content (2025-07-26 08:22)
[2025-07-26 08:22:13] SUCCESS: Commit completed in 0.1 seconds
[2025-07-26 08:22:13] Pushing to GitHub dev branch...
[2025-07-26 08:22:13] Push attempt 1 of 3
[2025-07-26 08:22:14] SUCCESS: Push completed successfully in 1.2 seconds
[2025-07-26 08:22:14] SUCCESS: DEV deployment completed successfully in 30.9 seconds
[2025-07-26 08:22:14] Closing PowerShell...
[2025-07-26 09:40:03] === Starting DEV deployment at 2025-07-26 09:40:03 ===
[2025-07-26 09:40:03] Checking project directory...
[2025-07-26 09:40:03] SUCCESS: Project directory confirmed
[2025-07-26 09:40:03] Checking current Git branch...
[2025-07-26 09:40:03] SUCCESS: Confirmed: On dev branch
[2025-07-26 09:40:03] Checking for uncommitted changes...
[2025-07-26 09:40:03] Found changes to commit:
[2025-07-26 09:40:03] Cleaning up existing processes...
[2025-07-26 09:40:03] Cleanup step skipped, continuing deployment...
[2025-07-26 09:40:03] Starting build process...
[2025-07-26 09:40:34] Adding files to Git...
